<?xml version="1.0" encoding="UTF-8"?>
<!-- Generated by org.testng.reporters.JUnitReportReporter -->
<testsuite hostname="3I-PC0CF95D" failures="0" tests="2" name="Rama_test.TestScenario_2" time="45.621" errors="0" timestamp="2024-02-29T17:31:50 IST" skipped="0">
  <testcase classname="Rama_test.TestScenario_2" name="TestScenario2" time="28.743"/>
  <testcase classname="Rama_test.TestScenario_2" name="TestScenario2" time="16.878"/>
</testsuite> <!-- Rama_test.TestScenario_2 -->
