<?xml version="1.0" encoding="UTF-8"?>
<!-- Generated by org.testng.reporters.JUnitReportReporter -->
<testsuite hostname="3I-PC0CF95D" failures="0" tests="2" name="Rama_test.TestScenario_1" time="40.165" errors="0" timestamp="2024-02-29T17:31:50 IST" skipped="0">
  <testcase classname="Rama_test.TestScenario_1" name="TestScenario1" time="20.348"/>
  <testcase classname="Rama_test.TestScenario_1" name="TestScenario1" time="19.817"/>
</testsuite> <!-- Rama_test.TestScenario_1 -->
