<?xml version="1.0" encoding="UTF-8"?>
<!-- Generated by org.testng.reporters.JUnitReportReporter -->
<testsuite hostname="WIN-5CG7431DRQ" failures="0" tests="2" name="Siva_test.TestScenario_2" time="45.562" errors="0" timestamp="2024-03-01T11:18:59 IST" skipped="0">
  <testcase classname="Siva_test.TestScenario_2" name="TestScenario2" time="21.600"/>
  <system-out/>
  <testcase classname="Siva_test.TestScenario_2" name="TestScenario2" time="23.962"/>
  <system-out/>
</testsuite> <!-- Siva_test.TestScenario_2 -->
